<?xml version="1.0" encoding="UTF-8"?>
<!-- Generated by org.testng.reporters.JUnitXMLReporter -->
<testsuite hostname="DELL-AKSHAYPC" ignored="0" name="Test" tests="1" failures="1" timestamp="2022-07-19T23:20:20 IST" time="10.186" errors="0">
  <testcase name="takeScreenshot" time="0.352" classname="TestNGListnerConcept.TakeScreenshot">
    <failure type="java.lang.AssertionError" message="expected [true] but found [false]">
      <![CDATA[java.lang.AssertionError: expected [true] but found [false]
at TestNGListnerConcept.TakeScreenshot.takeScreenshot(TakeScreenshot.java:24)
at java.util.ArrayList.forEach(Unknown Source)
... Removed 32 stack frames]]>
    </failure>
  </testcase> <!-- takeScreenshot -->
</testsuite> <!-- Test -->
