<?xml version="1.0" encoding="UTF-8"?>
<testng-results skipped="0" failed="0" ignored="0" total="1" passed="1">
  <reporter-output>
  </reporter-output>
  <suite name="Suite" duration-ms="93955" started-at="2022-04-07T21:14:51 IST" finished-at="2022-04-07T21:16:25 IST">
    <groups>
    </groups>
    <test name="test" duration-ms="93955" started-at="2022-04-07T21:14:51 IST" finished-at="2022-04-07T21:16:25 IST">
      <class name="com.jbk.VerifyLogin">
        <test-method status="PASS" signature="test()[pri:0, instance:com.jbk.VerifyLogin@7b49cea0]" name="test" duration-ms="92569" started-at="2022-04-07T21:14:52 IST" finished-at="2022-04-07T21:16:25 IST">
          <reporter-output>
          </reporter-output>
        </test-method> <!-- test -->
      </class> <!-- com.jbk.VerifyLogin -->
    </test> <!-- test -->
  </suite> <!-- Suite -->
</testng-results>
